<?xml version="1.0" encoding="UTF-8"?>
<!-- Generated by org.testng.reporters.JUnitReportReporter -->
<testsuite hostname="MoreVasanthKumar" failures="0" tests="1" name="oAuth2.AuthorizationCode" time="4.767" errors="0" timestamp="2023-06-29T12:07:57 IST" skipped="0">
  <testcase classname="oAuth2.AuthorizationCode" name="getCources" time="4.767"/>
  <system-out/>
</testsuite> <!-- oAuth2.AuthorizationCode -->
