<?xml version="1.0" encoding="UTF-8"?>
<!-- Generated by org.testng.reporters.JUnitReportReporter -->
<testsuite hostname="MoreVasanthKumar" failures="0" tests="1" name="jiraOperations.Create" time="2.186" errors="0" timestamp="2023-06-23T10:31:28 IST" skipped="0">
  <testcase classname="jiraOperations.Create" name="creatIssue" time="2.186"/>
  <system-out/>
</testsuite> <!-- jiraOperations.Create -->
