<?xml version="1.0" encoding="UTF-8"?>
<!-- Generated by org.testng.reporters.JUnitReportReporter -->
<testsuite hostname="MoreVasanthKumar" failures="0" tests="2" name="jiraOperations.Create" time="2.252" errors="0" timestamp="2023-06-26T18:09:11 IST" skipped="0">
  <testcase classname="jiraOperations.Create" name="addAttachments" time="0.481"/>
  <system-out/>
  <testcase classname="jiraOperations.Create" name="sessionCreation" time="1.771"/>
  <system-out/>
</testsuite> <!-- jiraOperations.Create -->
