<?xml version="1.0" encoding="UTF-8"?>
<!-- Generated by org.testng.reporters.JUnitReportReporter -->
<testsuite hostname="MoreVasanthKumar" failures="0" tests="1" name="mapsAPI.Create" time="2.945" errors="0" timestamp="2023-06-29T21:42:07 IST" skipped="0">
  <testcase classname="mapsAPI.Create" name="createLocationByPojo" time="2.945"/>
  <system-out/>
</testsuite> <!-- mapsAPI.Create -->
