<?xml version="1.0" encoding="UTF-8"?>
<!-- Generated by org.testng.reporters.JUnitReportReporter -->
<testsuite hostname="DESKTOP-GRE8QJG" failures="0" tests="1" name="tests.Test1" time="4.130" errors="0" timestamp="2022-11-28T12:10:44 IST" skipped="0">
  <testcase classname="tests.Test1" name="m3" time="4.130"/>
  <system-out/>
</testsuite> <!-- tests.Test1 -->
