<?xml version="1.0" encoding="UTF-8"?>
<!-- Generated by org.testng.reporters.JUnitReportReporter -->
<testsuite hostname="MoreVasanthKumar" failures="0" tests="1" name="jsonPayLoads.Courses" time="2.529" errors="0" timestamp="2023-06-23T12:23:39 IST" skipped="0">
  <testcase classname="jsonPayLoads.Courses" name="readJsonDataByExternal1" time="2.529"/>
  <system-out/>
</testsuite> <!-- jsonPayLoads.Courses -->
